->;section;tareador_instrumented_section;;;;0
nw;0;[0x654780,+8);global;MIN_MERGE_SIZE;multisort-tareador.c;12;-|
nw;1;[0x654770,+8);global;MIN_SORT_SIZE;multisort-tareador.c;11;-|
nw;2;[0x654778,+8);global;N;multisort-tareador.c;10;-|
nw;3;[0x7ffd10fa0004,+21);stack;argv[0];-|
nw;4;[0x7ffd10fa0019,+3);stack;argv[1];-|
nw;5;[0x7ffd10fa001c,+3);stack;argv[2];-|
nw;6;[0x7ffd10fa001f,+3);stack;argv[3];-|
nw;7;[0x7ffd10fa0022,+2);stack;argv[4];-|
nw;8;[0x7ffd10fa0024,+3);stack;argv[5];-|
nw;9;[0x7ffd10fa0027,+2);stack;argv[6];-|
nw;10;[0x7ffd10f9f08c,+4);stack;unknown_name;-|
nw;11;[0x7ffd10f9f088,+4);stack;argc;-|
nw;12;[0x7ffd10f9f080,+8);stack;argv;-|
nw;13;[0x7ffd10f9f07c,+4);stack;i;-|
nw;14;[0x7ffd10f9f070,+8);stack;data;-|
nw;15;[0x7ffd10f9f068,+8);stack;tmp;-|
nw;16;[0x6df5a0,+16384);heap;uncast(*(data));;main;/scratch/nas/1/par2104/lab4/multisort-tareador.c;112;-|
nw;17;[0x6e35b0,+16384);heap;uncast(*(tmp));;main;/scratch/nas/1/par2104/lab4/multisort-tareador.c;113;-|
  ->;section;Tareador_Main;;;;0
  nw;24;[0x7ffd10f9efa8,+8);stack;n;-|
  nw;25;[0x7ffd10f9efa0,+8);stack;data;-|
  nw;26;[0x7ffd10f9ef98,+8);stack;tmp;-|
  us;2;loads;[0,8);stores;
  us;14;loads;[0,8);stores;
  us;15;loads;[0,8);stores;
  us;24;loads;;stores;[0,8)
  us;25;loads;;stores;[0,8)
  us;26;loads;;stores;[0,8)
    ->;section;multisort;;;;8
    nw;27;[0x7ffd10f9edb8,+8);stack;n;-|
    nw;28;[0x7ffd10f9edb0,+8);stack;data;-|
    nw;29;[0x7ffd10f9eda8,+8);stack;tmp;-|
    us;1;loads;[0,8);stores;
    us;24;loads;[0,8);stores;
    us;25;loads;[0,8);stores;
    us;26;loads;[0,8);stores;
    us;27;loads;;stores;[0,8)
    us;28;loads;;stores;[0,8)
    us;29;loads;;stores;[0,8)
      ->;section;multisort;;;;21
      nw;30;[0x7ffd10f9ebc8,+8);stack;n;-|
      nw;31;[0x7ffd10f9ebc0,+8);stack;data;-|
      nw;32;[0x7ffd10f9ebb8,+8);stack;tmp;-|
      us;1;loads;[0,8);stores;
      us;27;loads;[0,8);stores;
      us;28;loads;[0,8);stores;
      us;29;loads;[0,8);stores;
      us;30;loads;;stores;[0,8)
      us;31;loads;;stores;[0,8)
      us;32;loads;;stores;[0,8)
        ->;section;multisort;;;;34
        us;1;loads;[0,8);stores;
        us;16;loads;[0,1024);stores;[0,1024)
        us;30;loads;[0,8);stores;
        us;31;loads;[0,8);stores;
        <-;section;multisort;;;;1217138
      nw;40;[0x7ffd10f9ebc8,+8);stack;n;-|
      nw;41;[0x7ffd10f9ebc0,+8);stack;data;-|
      nw;42;[0x7ffd10f9ebb8,+8);stack;tmp;-|
      us;27;loads;[0,8);stores;
      us;28;loads;[0,8);stores;
      us;29;loads;[0,8);stores;
      us;40;loads;;stores;[0,8)
      us;41;loads;;stores;[0,8)
      us;42;loads;;stores;[0,8)
      dl;30;[0x7ffd10f9ebc8,+8);stack;n;-|
      dl;31;[0x7ffd10f9ebc0,+8);stack;data;-|
      dl;32;[0x7ffd10f9ebb8,+8);stack;tmp;-|
        ->;section;multisort;;;;1217147
        us;1;loads;[0,8);stores;
        us;16;loads;[1024,2048);stores;[1024,2048)
        us;40;loads;[0,8);stores;
        us;41;loads;[0,8);stores;
        <-;section;multisort;;;;2453976
      nw;50;[0x7ffd10f9ebc8,+8);stack;n;-|
      nw;51;[0x7ffd10f9ebc0,+8);stack;data;-|
      nw;52;[0x7ffd10f9ebb8,+8);stack;tmp;-|
      us;27;loads;[0,8);stores;
      us;28;loads;[0,8);stores;
      us;29;loads;[0,8);stores;
      us;50;loads;;stores;[0,8)
      us;51;loads;;stores;[0,8)
      us;52;loads;;stores;[0,8)
      dl;40;[0x7ffd10f9ebc8,+8);stack;n;-|
      dl;41;[0x7ffd10f9ebc0,+8);stack;data;-|
      dl;42;[0x7ffd10f9ebb8,+8);stack;tmp;-|
        ->;section;multisort;;;;2453985
        us;1;loads;[0,8);stores;
        us;16;loads;[2048,3072);stores;[2048,3072)
        us;50;loads;[0,8);stores;
        us;51;loads;[0,8);stores;
        <-;section;multisort;;;;3685164
      nw;60;[0x7ffd10f9ebc8,+8);stack;n;-|
      nw;61;[0x7ffd10f9ebc0,+8);stack;data;-|
      nw;62;[0x7ffd10f9ebb8,+8);stack;tmp;-|
      us;27;loads;[0,8);stores;
      us;28;loads;[0,8);stores;
      us;29;loads;[0,8);stores;
      us;60;loads;;stores;[0,8)
      us;61;loads;;stores;[0,8)
      us;62;loads;;stores;[0,8)
      dl;50;[0x7ffd10f9ebc8,+8);stack;n;-|
      dl;51;[0x7ffd10f9ebc0,+8);stack;data;-|
      dl;52;[0x7ffd10f9ebb8,+8);stack;tmp;-|
        ->;section;multisort;;;;3685173
        us;1;loads;[0,8);stores;
        us;16;loads;[3072,4096);stores;[3072,4096)
        us;60;loads;[0,8);stores;
        us;61;loads;[0,8);stores;
        <-;section;multisort;;;;4926052
      us;0;loads;[0,8);stores;
      us;16;loads;[0,4096);stores;[0,4096)
      us;17;loads;;stores;[0,4096)
      us;27;loads;[0,8);stores;
      us;28;loads;[0,8);stores;
      us;29;loads;[0,8);stores;
      dl;60;[0x7ffd10f9ebc8,+8);stack;n;-|
      dl;61;[0x7ffd10f9ebc0,+8);stack;data;-|
      dl;62;[0x7ffd10f9ebb8,+8);stack;tmp;-|
      <-;section;multisort;;;;5013825
    nw;350;[0x7ffd10f9edb8,+8);stack;n;-|
    nw;351;[0x7ffd10f9edb0,+8);stack;data;-|
    nw;352;[0x7ffd10f9eda8,+8);stack;tmp;-|
    us;24;loads;[0,8);stores;
    us;25;loads;[0,8);stores;
    us;26;loads;[0,8);stores;
    us;350;loads;;stores;[0,8)
    us;351;loads;;stores;[0,8)
    us;352;loads;;stores;[0,8)
    dl;27;[0x7ffd10f9edb8,+8);stack;n;-|
    dl;28;[0x7ffd10f9edb0,+8);stack;data;-|
    dl;29;[0x7ffd10f9eda8,+8);stack;tmp;-|
      ->;section;multisort;;;;5013834
      nw;353;[0x7ffd10f9ebc8,+8);stack;n;-|
      nw;354;[0x7ffd10f9ebc0,+8);stack;data;-|
      nw;355;[0x7ffd10f9ebb8,+8);stack;tmp;-|
      us;1;loads;[0,8);stores;
      us;350;loads;[0,8);stores;
      us;351;loads;[0,8);stores;
      us;352;loads;[0,8);stores;
      us;353;loads;;stores;[0,8)
      us;354;loads;;stores;[0,8)
      us;355;loads;;stores;[0,8)
        ->;section;multisort;;;;5013847
        us;1;loads;[0,8);stores;
        us;16;loads;[4096,5120);stores;[4096,5120)
        us;353;loads;[0,8);stores;
        us;354;loads;[0,8);stores;
        <-;section;multisort;;;;6235726
      nw;363;[0x7ffd10f9ebc8,+8);stack;n;-|
      nw;364;[0x7ffd10f9ebc0,+8);stack;data;-|
      nw;365;[0x7ffd10f9ebb8,+8);stack;tmp;-|
      us;350;loads;[0,8);stores;
      us;351;loads;[0,8);stores;
      us;352;loads;[0,8);stores;
      us;363;loads;;stores;[0,8)
      us;364;loads;;stores;[0,8)
      us;365;loads;;stores;[0,8)
      dl;353;[0x7ffd10f9ebc8,+8);stack;n;-|
      dl;354;[0x7ffd10f9ebc0,+8);stack;data;-|
      dl;355;[0x7ffd10f9ebb8,+8);stack;tmp;-|
        ->;section;multisort;;;;6235735
        us;1;loads;[0,8);stores;
        us;16;loads;[5120,6144);stores;[5120,6144)
        us;363;loads;[0,8);stores;
        us;364;loads;[0,8);stores;
        <-;section;multisort;;;;7465339
      nw;373;[0x7ffd10f9ebc8,+8);stack;n;-|
      nw;374;[0x7ffd10f9ebc0,+8);stack;data;-|
      nw;375;[0x7ffd10f9ebb8,+8);stack;tmp;-|
      us;350;loads;[0,8);stores;
      us;351;loads;[0,8);stores;
      us;352;loads;[0,8);stores;
      us;373;loads;;stores;[0,8)
      us;374;loads;;stores;[0,8)
      us;375;loads;;stores;[0,8)
      dl;363;[0x7ffd10f9ebc8,+8);stack;n;-|
      dl;364;[0x7ffd10f9ebc0,+8);stack;data;-|
      dl;365;[0x7ffd10f9ebb8,+8);stack;tmp;-|
        ->;section;multisort;;;;7465348
        us;1;loads;[0,8);stores;
        us;16;loads;[6144,7168);stores;[6144,7164)
        us;373;loads;[0,8);stores;
        us;374;loads;[0,8);stores;
        <-;section;multisort;;;;8697627
      nw;383;[0x7ffd10f9ebc8,+8);stack;n;-|
      nw;384;[0x7ffd10f9ebc0,+8);stack;data;-|
      nw;385;[0x7ffd10f9ebb8,+8);stack;tmp;-|
      us;350;loads;[0,8);stores;
      us;351;loads;[0,8);stores;
      us;352;loads;[0,8);stores;
      us;383;loads;;stores;[0,8)
      us;384;loads;;stores;[0,8)
      us;385;loads;;stores;[0,8)
      dl;373;[0x7ffd10f9ebc8,+8);stack;n;-|
      dl;374;[0x7ffd10f9ebc0,+8);stack;data;-|
      dl;375;[0x7ffd10f9ebb8,+8);stack;tmp;-|
        ->;section;multisort;;;;8697636
        us;1;loads;[0,8);stores;
        us;16;loads;[7168,8192);stores;[7168,8192)
        us;383;loads;[0,8);stores;
        us;384;loads;[0,8);stores;
        <-;section;multisort;;;;9908340
      us;0;loads;[0,8);stores;
      us;16;loads;[4096,8192);stores;[4096,8192)
      us;17;loads;;stores;[4096,8192)
      us;350;loads;[0,8);stores;
      us;351;loads;[0,8);stores;
      us;352;loads;[0,8);stores;
      dl;383;[0x7ffd10f9ebc8,+8);stack;n;-|
      dl;384;[0x7ffd10f9ebc0,+8);stack;data;-|
      dl;385;[0x7ffd10f9ebb8,+8);stack;tmp;-|
      <-;section;multisort;;;;9995750
    nw;667;[0x7ffd10f9edb8,+8);stack;n;-|
    nw;668;[0x7ffd10f9edb0,+8);stack;data;-|
    nw;669;[0x7ffd10f9eda8,+8);stack;tmp;-|
    us;24;loads;[0,8);stores;
    us;25;loads;[0,8);stores;
    us;26;loads;[0,8);stores;
    us;667;loads;;stores;[0,8)
    us;668;loads;;stores;[0,8)
    us;669;loads;;stores;[0,8)
    dl;350;[0x7ffd10f9edb8,+8);stack;n;-|
    dl;351;[0x7ffd10f9edb0,+8);stack;data;-|
    dl;352;[0x7ffd10f9eda8,+8);stack;tmp;-|
      ->;section;multisort;;;;9995759
      nw;670;[0x7ffd10f9ebc8,+8);stack;n;-|
      nw;671;[0x7ffd10f9ebc0,+8);stack;data;-|
      nw;672;[0x7ffd10f9ebb8,+8);stack;tmp;-|
      us;1;loads;[0,8);stores;
      us;667;loads;[0,8);stores;
      us;668;loads;[0,8);stores;
      us;669;loads;[0,8);stores;
      us;670;loads;;stores;[0,8)
      us;671;loads;;stores;[0,8)
      us;672;loads;;stores;[0,8)
        ->;section;multisort;;;;9995772
        us;1;loads;[0,8);stores;
        us;16;loads;[8192,9216);stores;[8196,9216)
        us;670;loads;[0,8);stores;
        us;671;loads;[0,8);stores;
        <-;section;multisort;;;;11189826
      nw;680;[0x7ffd10f9ebc8,+8);stack;n;-|
      nw;681;[0x7ffd10f9ebc0,+8);stack;data;-|
      nw;682;[0x7ffd10f9ebb8,+8);stack;tmp;-|
      us;667;loads;[0,8);stores;
      us;668;loads;[0,8);stores;
      us;669;loads;[0,8);stores;
      us;680;loads;;stores;[0,8)
      us;681;loads;;stores;[0,8)
      us;682;loads;;stores;[0,8)
      dl;670;[0x7ffd10f9ebc8,+8);stack;n;-|
      dl;671;[0x7ffd10f9ebc0,+8);stack;data;-|
      dl;672;[0x7ffd10f9ebb8,+8);stack;tmp;-|
        ->;section;multisort;;;;11189835
        us;1;loads;[0,8);stores;
        us;16;loads;[9216,10240);stores;[9216,10240)
        us;680;loads;[0,8);stores;
        us;681;loads;[0,8);stores;
        <-;section;multisort;;;;12433689
      nw;690;[0x7ffd10f9ebc8,+8);stack;n;-|
      nw;691;[0x7ffd10f9ebc0,+8);stack;data;-|
      nw;692;[0x7ffd10f9ebb8,+8);stack;tmp;-|
      us;667;loads;[0,8);stores;
      us;668;loads;[0,8);stores;
      us;669;loads;[0,8);stores;
      us;690;loads;;stores;[0,8)
      us;691;loads;;stores;[0,8)
      us;692;loads;;stores;[0,8)
      dl;680;[0x7ffd10f9ebc8,+8);stack;n;-|
      dl;681;[0x7ffd10f9ebc0,+8);stack;data;-|
      dl;682;[0x7ffd10f9ebb8,+8);stack;tmp;-|
        ->;section;multisort;;;;12433698
        us;1;loads;[0,8);stores;
        us;16;loads;[10240,11264);stores;[10240,11264)
        us;690;loads;[0,8);stores;
        us;691;loads;[0,8);stores;
        <-;section;multisort;;;;13677577
      nw;700;[0x7ffd10f9ebc8,+8);stack;n;-|
      nw;701;[0x7ffd10f9ebc0,+8);stack;data;-|
      nw;702;[0x7ffd10f9ebb8,+8);stack;tmp;-|
      us;667;loads;[0,8);stores;
      us;668;loads;[0,8);stores;
      us;669;loads;[0,8);stores;
      us;700;loads;;stores;[0,8)
      us;701;loads;;stores;[0,8)
      us;702;loads;;stores;[0,8)
      dl;690;[0x7ffd10f9ebc8,+8);stack;n;-|
      dl;691;[0x7ffd10f9ebc0,+8);stack;data;-|
      dl;692;[0x7ffd10f9ebb8,+8);stack;tmp;-|
        ->;section;multisort;;;;13677586
        us;1;loads;[0,8);stores;
        us;16;loads;[11264,12288);stores;[11264,12288)
        us;700;loads;[0,8);stores;
        us;701;loads;[0,8);stores;
        <-;section;multisort;;;;14885990
      us;0;loads;[0,8);stores;
      us;16;loads;[8192,12288);stores;[8192,12288)
      us;17;loads;;stores;[8192,12288)
      us;667;loads;[0,8);stores;
      us;668;loads;[0,8);stores;
      us;669;loads;[0,8);stores;
      dl;700;[0x7ffd10f9ebc8,+8);stack;n;-|
      dl;701;[0x7ffd10f9ebc0,+8);stack;data;-|
      dl;702;[0x7ffd10f9ebb8,+8);stack;tmp;-|
      <-;section;multisort;;;;14973243
    nw;982;[0x7ffd10f9edb8,+8);stack;n;-|
    nw;983;[0x7ffd10f9edb0,+8);stack;data;-|
    nw;984;[0x7ffd10f9eda8,+8);stack;tmp;-|
    us;24;loads;[0,8);stores;
    us;25;loads;[0,8);stores;
    us;26;loads;[0,8);stores;
    us;982;loads;;stores;[0,8)
    us;983;loads;;stores;[0,8)
    us;984;loads;;stores;[0,8)
    dl;667;[0x7ffd10f9edb8,+8);stack;n;-|
    dl;668;[0x7ffd10f9edb0,+8);stack;data;-|
    dl;669;[0x7ffd10f9eda8,+8);stack;tmp;-|
      ->;section;multisort;;;;14973252
      nw;985;[0x7ffd10f9ebc8,+8);stack;n;-|
      nw;986;[0x7ffd10f9ebc0,+8);stack;data;-|
      nw;987;[0x7ffd10f9ebb8,+8);stack;tmp;-|
      us;1;loads;[0,8);stores;
      us;982;loads;[0,8);stores;
      us;983;loads;[0,8);stores;
      us;984;loads;[0,8);stores;
      us;985;loads;;stores;[0,8)
      us;986;loads;;stores;[0,8)
      us;987;loads;;stores;[0,8)
        ->;section;multisort;;;;14973265
        us;1;loads;[0,8);stores;
        us;16;loads;[12288,13312);stores;[12288,13312)
        us;985;loads;[0,8);stores;
        us;986;loads;[0,8);stores;
        <-;section;multisort;;;;16189119
      nw;995;[0x7ffd10f9ebc8,+8);stack;n;-|
      nw;996;[0x7ffd10f9ebc0,+8);stack;data;-|
      nw;997;[0x7ffd10f9ebb8,+8);stack;tmp;-|
      us;982;loads;[0,8);stores;
      us;983;loads;[0,8);stores;
      us;984;loads;[0,8);stores;
      us;995;loads;;stores;[0,8)
      us;996;loads;;stores;[0,8)
      us;997;loads;;stores;[0,8)
      dl;985;[0x7ffd10f9ebc8,+8);stack;n;-|
      dl;986;[0x7ffd10f9ebc0,+8);stack;data;-|
      dl;987;[0x7ffd10f9ebb8,+8);stack;tmp;-|
        ->;section;multisort;;;;16189128
        us;1;loads;[0,8);stores;
        us;16;loads;[13312,14336);stores;[13312,14336)
        us;995;loads;[0,8);stores;
        us;996;loads;[0,8);stores;
        <-;section;multisort;;;;17414007
      nw;1005;[0x7ffd10f9ebc8,+8);stack;n;-|
      nw;1006;[0x7ffd10f9ebc0,+8);stack;data;-|
      nw;1007;[0x7ffd10f9ebb8,+8);stack;tmp;-|
      us;982;loads;[0,8);stores;
      us;983;loads;[0,8);stores;
      us;984;loads;[0,8);stores;
      us;1005;loads;;stores;[0,8)
      us;1006;loads;;stores;[0,8)
      us;1007;loads;;stores;[0,8)
      dl;995;[0x7ffd10f9ebc8,+8);stack;n;-|
      dl;996;[0x7ffd10f9ebc0,+8);stack;data;-|
      dl;997;[0x7ffd10f9ebb8,+8);stack;tmp;-|
        ->;section;multisort;;;;17414016
        us;1;loads;[0,8);stores;
        us;16;loads;[14336,15360);stores;[14336,15360)
        us;1005;loads;[0,8);stores;
        us;1006;loads;[0,8);stores;
        <-;section;multisort;;;;18653845
      nw;1015;[0x7ffd10f9ebc8,+8);stack;n;-|
      nw;1016;[0x7ffd10f9ebc0,+8);stack;data;-|
      nw;1017;[0x7ffd10f9ebb8,+8);stack;tmp;-|
      us;982;loads;[0,8);stores;
      us;983;loads;[0,8);stores;
      us;984;loads;[0,8);stores;
      us;1015;loads;;stores;[0,8)
      us;1016;loads;;stores;[0,8)
      us;1017;loads;;stores;[0,8)
      dl;1005;[0x7ffd10f9ebc8,+8);stack;n;-|
      dl;1006;[0x7ffd10f9ebc0,+8);stack;data;-|
      dl;1007;[0x7ffd10f9ebb8,+8);stack;tmp;-|
        ->;section;multisort;;;;18653854
        us;1;loads;[0,8);stores;
        us;16;loads;[15360,16384);stores;[15360,16384)
        us;1015;loads;[0,8);stores;
        us;1016;loads;[0,8);stores;
        <-;section;multisort;;;;19886533
      us;0;loads;[0,8);stores;
      us;16;loads;[12288,16384);stores;[12288,16384)
      us;17;loads;;stores;[12288,16384)
      us;982;loads;[0,8);stores;
      us;983;loads;[0,8);stores;
      us;984;loads;[0,8);stores;
      dl;1015;[0x7ffd10f9ebc8,+8);stack;n;-|
      dl;1016;[0x7ffd10f9ebc0,+8);stack;data;-|
      dl;1017;[0x7ffd10f9ebb8,+8);stack;tmp;-|
      <-;section;multisort;;;;19973839
    us;0;loads;[0,8);stores;
    us;16;loads;[0,16384);stores;[0,16384)
    us;17;loads;;stores;[0,16384)
    us;24;loads;[0,8);stores;
    us;25;loads;[0,8);stores;
    us;26;loads;[0,8);stores;
    dl;982;[0x7ffd10f9edb8,+8);stack;n;-|
    dl;983;[0x7ffd10f9edb0,+8);stack;data;-|
    dl;984;[0x7ffd10f9eda8,+8);stack;tmp;-|
    <-;section;multisort;;;;20334382
  dl;24;[0x7ffd10f9efa8,+8);stack;n;-|
  dl;25;[0x7ffd10f9efa0,+8);stack;data;-|
  dl;26;[0x7ffd10f9ef98,+8);stack;tmp;-|
  <-;section;Tareador_Main;;;;20334411
dl;10;[0x7ffd10f9f08c,+4);stack;unknown_name;-|
dl;11;[0x7ffd10f9f088,+4);stack;argc;-|
dl;12;[0x7ffd10f9f080,+8);stack;argv;-|
dl;13;[0x7ffd10f9f07c,+4);stack;i;-|
dl;14;[0x7ffd10f9f070,+8);stack;data;-|
dl;15;[0x7ffd10f9f068,+8);stack;tmp;-|
<-;section;tareador_instrumented_section;;;;20334411
